Analysis & Synthesis report for top_blackjack
Fri Jun 27 18:10:23 2025
Quartus II 64-Bit Version 13.0.0 Build 156 04/24/2013 SJ Web Edition


---------------------
; Table of Contents ;
---------------------
  1. Legal Notice
  2. Analysis & Synthesis Summary
  3. Analysis & Synthesis Settings
  4. Parallel Compilation
  5. Analysis & Synthesis Source Files Read
  6. Analysis & Synthesis Resource Usage Summary
  7. Analysis & Synthesis Resource Utilization by Entity
  8. State Machine - |top_blackjack|blackjack:blackjack_inst|current_state
  9. State Machine - |top_blackjack|cards:cards_inst|current_state
 10. User-Specified and Inferred Latches
 11. General Register Statistics
 12. Inverted Register Statistics
 13. Multiplexer Restructuring Statistics (Restructuring Performed)
 14. Parameter Settings for Inferred Entity Instance: blackjack:blackjack_inst|lpm_divide:Div1
 15. Parameter Settings for Inferred Entity Instance: blackjack:blackjack_inst|lpm_divide:Div0
 16. Parameter Settings for Inferred Entity Instance: blackjack:blackjack_inst|lpm_divide:Mod1
 17. Parameter Settings for Inferred Entity Instance: blackjack:blackjack_inst|lpm_divide:Mod0
 18. Parameter Settings for Inferred Entity Instance: cards:cards_inst|lpm_divide:Mod0
 19. Elapsed Time Per Partition
 20. Analysis & Synthesis Messages



----------------
; Legal Notice ;
----------------
Copyright (C) 1991-2013 Altera Corporation
Your use of Altera Corporation's design tools, logic functions 
and other software and tools, and its AMPP partner logic 
functions, and any output files from any of the foregoing 
(including device programming or simulation files), and any 
associated documentation or information are expressly subject 
to the terms and conditions of the Altera Program License 
Subscription Agreement, Altera MegaCore Function License 
Agreement, or other applicable license agreement, including, 
without limitation, that your use is for the sole purpose of 
programming logic devices manufactured by Altera and sold by 
Altera or its authorized distributors.  Please refer to the 
applicable agreement for further details.



+---------------------------------------------------------------------------------+
; Analysis & Synthesis Summary                                                    ;
+------------------------------------+--------------------------------------------+
; Analysis & Synthesis Status        ; Successful - Fri Jun 27 18:10:22 2025      ;
; Quartus II 64-Bit Version          ; 13.0.0 Build 156 04/24/2013 SJ Web Edition ;
; Revision Name                      ; top_blackjack                              ;
; Top-level Entity Name              ; top_blackjack                              ;
; Family                             ; Cyclone II                                 ;
; Total logic elements               ; 5,860                                      ;
;     Total combinational functions  ; 5,846                                      ;
;     Dedicated logic registers      ; 120                                        ;
; Total registers                    ; 120                                        ;
; Total pins                         ; 45                                         ;
; Total virtual pins                 ; 0                                          ;
; Total memory bits                  ; 0                                          ;
; Embedded Multiplier 9-bit elements ; 0                                          ;
; Total PLLs                         ; 0                                          ;
+------------------------------------+--------------------------------------------+


+----------------------------------------------------------------------------------------------------------------------+
; Analysis & Synthesis Settings                                                                                        ;
+----------------------------------------------------------------------------+--------------------+--------------------+
; Option                                                                     ; Setting            ; Default Value      ;
+----------------------------------------------------------------------------+--------------------+--------------------+
; Device                                                                     ; EP2C20F484C7       ;                    ;
; Top-level entity name                                                      ; top_blackjack      ; top_blackjack      ;
; Family name                                                                ; Cyclone II         ; Cyclone IV GX      ;
; Use smart compilation                                                      ; Off                ; Off                ;
; Enable parallel Assembler and TimeQuest Timing Analyzer during compilation ; On                 ; On                 ;
; Enable compact report table                                                ; Off                ; Off                ;
; Restructure Multiplexers                                                   ; Auto               ; Auto               ;
; Create Debugging Nodes for IP Cores                                        ; Off                ; Off                ;
; Preserve fewer node names                                                  ; On                 ; On                 ;
; Disable OpenCore Plus hardware evaluation                                  ; Off                ; Off                ;
; Verilog Version                                                            ; Verilog_2001       ; Verilog_2001       ;
; VHDL Version                                                               ; VHDL_1993          ; VHDL_1993          ;
; State Machine Processing                                                   ; Auto               ; Auto               ;
; Safe State Machine                                                         ; Off                ; Off                ;
; Extract Verilog State Machines                                             ; On                 ; On                 ;
; Extract VHDL State Machines                                                ; On                 ; On                 ;
; Ignore Verilog initial constructs                                          ; Off                ; Off                ;
; Iteration limit for constant Verilog loops                                 ; 5000               ; 5000               ;
; Iteration limit for non-constant Verilog loops                             ; 250                ; 250                ;
; Add Pass-Through Logic to Inferred RAMs                                    ; On                 ; On                 ;
; Infer RAMs from Raw Logic                                                  ; On                 ; On                 ;
; Parallel Synthesis                                                         ; On                 ; On                 ;
; DSP Block Balancing                                                        ; Auto               ; Auto               ;
; NOT Gate Push-Back                                                         ; On                 ; On                 ;
; Power-Up Don't Care                                                        ; On                 ; On                 ;
; Remove Redundant Logic Cells                                               ; Off                ; Off                ;
; Remove Duplicate Registers                                                 ; On                 ; On                 ;
; Ignore CARRY Buffers                                                       ; Off                ; Off                ;
; Ignore CASCADE Buffers                                                     ; Off                ; Off                ;
; Ignore GLOBAL Buffers                                                      ; Off                ; Off                ;
; Ignore ROW GLOBAL Buffers                                                  ; Off                ; Off                ;
; Ignore LCELL Buffers                                                       ; Off                ; Off                ;
; Ignore SOFT Buffers                                                        ; On                 ; On                 ;
; Limit AHDL Integers to 32 Bits                                             ; Off                ; Off                ;
; Optimization Technique                                                     ; Balanced           ; Balanced           ;
; Carry Chain Length                                                         ; 70                 ; 70                 ;
; Auto Carry Chains                                                          ; On                 ; On                 ;
; Auto Open-Drain Pins                                                       ; On                 ; On                 ;
; Perform WYSIWYG Primitive Resynthesis                                      ; Off                ; Off                ;
; Auto ROM Replacement                                                       ; On                 ; On                 ;
; Auto RAM Replacement                                                       ; On                 ; On                 ;
; Auto Shift Register Replacement                                            ; Auto               ; Auto               ;
; Allow Shift Register Merging across Hierarchies                            ; Auto               ; Auto               ;
; Auto Clock Enable Replacement                                              ; On                 ; On                 ;
; Strict RAM Replacement                                                     ; Off                ; Off                ;
; Allow Synchronous Control Signals                                          ; On                 ; On                 ;
; Force Use of Synchronous Clear Signals                                     ; Off                ; Off                ;
; Auto RAM to Logic Cell Conversion                                          ; Off                ; Off                ;
; Auto Resource Sharing                                                      ; Off                ; Off                ;
; Allow Any RAM Size For Recognition                                         ; Off                ; Off                ;
; Allow Any ROM Size For Recognition                                         ; Off                ; Off                ;
; Allow Any Shift Register Size For Recognition                              ; Off                ; Off                ;
; Use LogicLock Constraints during Resource Balancing                        ; On                 ; On                 ;
; Ignore translate_off and synthesis_off directives                          ; Off                ; Off                ;
; Timing-Driven Synthesis                                                    ; Off                ; Off                ;
; Report Parameter Settings                                                  ; On                 ; On                 ;
; Report Source Assignments                                                  ; On                 ; On                 ;
; Report Connectivity Checks                                                 ; On                 ; On                 ;
; Ignore Maximum Fan-Out Assignments                                         ; Off                ; Off                ;
; Synchronization Register Chain Length                                      ; 2                  ; 2                  ;
; PowerPlay Power Optimization                                               ; Normal compilation ; Normal compilation ;
; HDL message level                                                          ; Level2             ; Level2             ;
; Suppress Register Optimization Related Messages                            ; Off                ; Off                ;
; Number of Removed Registers Reported in Synthesis Report                   ; 5000               ; 5000               ;
; Number of Swept Nodes Reported in Synthesis Report                         ; 5000               ; 5000               ;
; Number of Inverted Registers Reported in Synthesis Report                  ; 100                ; 100                ;
; Clock MUX Protection                                                       ; On                 ; On                 ;
; Auto Gated Clock Conversion                                                ; Off                ; Off                ;
; Block Design Naming                                                        ; Auto               ; Auto               ;
; SDC constraint protection                                                  ; Off                ; Off                ;
; Synthesis Effort                                                           ; Auto               ; Auto               ;
; Shift Register Replacement - Allow Asynchronous Clear Signal               ; On                 ; On                 ;
; Pre-Mapping Resynthesis Optimization                                       ; Off                ; Off                ;
; Analysis & Synthesis Message Level                                         ; Medium             ; Medium             ;
; Disable Register Merging Across Hierarchies                                ; Auto               ; Auto               ;
; Resource Aware Inference For Block RAM                                     ; On                 ; On                 ;
; Synthesis Seed                                                             ; 1                  ; 1                  ;
+----------------------------------------------------------------------------+--------------------+--------------------+


Parallel compilation was disabled, but you have multiple processors available. Enable parallel compilation to reduce compilation time.
+-------------------------------------+
; Parallel Compilation                ;
+----------------------------+--------+
; Processors                 ; Number ;
+----------------------------+--------+
; Number detected on machine ; 8      ;
; Maximum allowed            ; 1      ;
+----------------------------+--------+


+------------------------------------------------------------------------------------------------------------------------------------------------------------------+
; Analysis & Synthesis Source Files Read                                                                                                                           ;
+----------------------------------+-----------------+------------------------------+--------------------------------------------------------------------+---------+
; File Name with User-Entered Path ; Used in Netlist ; File Type                    ; File Name with Absolute Path                                       ; Library ;
+----------------------------------+-----------------+------------------------------+--------------------------------------------------------------------+---------+
; top_blackjack.vhd                ; yes             ; User VHDL File               ; C:/Users/aluno/Documents/blackjack/top_blackjack.vhd               ;         ;
; cards.vhd                        ; yes             ; User VHDL File               ; C:/Users/aluno/Documents/blackjack/cards.vhd                       ;         ;
; blackjack.vhd                    ; yes             ; User VHDL File               ; C:/Users/aluno/Documents/blackjack/blackjack.vhd                   ;         ;
; lpm_divide.tdf                   ; yes             ; Megafunction                 ; c:/altera/13.0/quartus/libraries/megafunctions/lpm_divide.tdf      ;         ;
; abs_divider.inc                  ; yes             ; Megafunction                 ; c:/altera/13.0/quartus/libraries/megafunctions/abs_divider.inc     ;         ;
; sign_div_unsign.inc              ; yes             ; Megafunction                 ; c:/altera/13.0/quartus/libraries/megafunctions/sign_div_unsign.inc ;         ;
; aglobal130.inc                   ; yes             ; Megafunction                 ; c:/altera/13.0/quartus/libraries/megafunctions/aglobal130.inc      ;         ;
; db/lpm_divide_7so.tdf            ; yes             ; Auto-Generated Megafunction  ; C:/Users/aluno/Documents/blackjack/db/lpm_divide_7so.tdf           ;         ;
; db/abs_divider_kbg.tdf           ; yes             ; Auto-Generated Megafunction  ; C:/Users/aluno/Documents/blackjack/db/abs_divider_kbg.tdf          ;         ;
; db/alt_u_div_k2f.tdf             ; yes             ; Auto-Generated Megafunction  ; C:/Users/aluno/Documents/blackjack/db/alt_u_div_k2f.tdf            ;         ;
; db/add_sub_lkc.tdf               ; yes             ; Auto-Generated Megafunction  ; C:/Users/aluno/Documents/blackjack/db/add_sub_lkc.tdf              ;         ;
; db/add_sub_mkc.tdf               ; yes             ; Auto-Generated Megafunction  ; C:/Users/aluno/Documents/blackjack/db/add_sub_mkc.tdf              ;         ;
; db/lpm_abs_gq9.tdf               ; yes             ; Auto-Generated Megafunction  ; C:/Users/aluno/Documents/blackjack/db/lpm_abs_gq9.tdf              ;         ;
; db/lpm_abs_0s9.tdf               ; yes             ; Auto-Generated Megafunction  ; C:/Users/aluno/Documents/blackjack/db/lpm_abs_0s9.tdf              ;         ;
; db/lpm_divide_qlo.tdf            ; yes             ; Auto-Generated Megafunction  ; C:/Users/aluno/Documents/blackjack/db/lpm_divide_qlo.tdf           ;         ;
; db/abs_divider_4dg.tdf           ; yes             ; Auto-Generated Megafunction  ; C:/Users/aluno/Documents/blackjack/db/abs_divider_4dg.tdf          ;         ;
; db/alt_u_div_k5f.tdf             ; yes             ; Auto-Generated Megafunction  ; C:/Users/aluno/Documents/blackjack/db/alt_u_div_k5f.tdf            ;         ;
; db/lpm_divide_68m.tdf            ; yes             ; Auto-Generated Megafunction  ; C:/Users/aluno/Documents/blackjack/db/lpm_divide_68m.tdf           ;         ;
; db/sign_div_unsign_dnh.tdf       ; yes             ; Auto-Generated Megafunction  ; C:/Users/aluno/Documents/blackjack/db/sign_div_unsign_dnh.tdf      ;         ;
; db/alt_u_div_s5f.tdf             ; yes             ; Auto-Generated Megafunction  ; C:/Users/aluno/Documents/blackjack/db/alt_u_div_s5f.tdf            ;         ;
+----------------------------------+-----------------+------------------------------+--------------------------------------------------------------------+---------+


+----------------------------------------------------------------------------------------+
; Analysis & Synthesis Resource Usage Summary                                            ;
+---------------------------------------------+------------------------------------------+
; Resource                                    ; Usage                                    ;
+---------------------------------------------+------------------------------------------+
; Estimated Total logic elements              ; 5,860                                    ;
;                                             ;                                          ;
; Total combinational functions               ; 5846                                     ;
; Logic element usage by number of LUT inputs ;                                          ;
;     -- 4 input functions                    ; 2007                                     ;
;     -- 3 input functions                    ; 1665                                     ;
;     -- <=2 input functions                  ; 2174                                     ;
;                                             ;                                          ;
; Logic elements by mode                      ;                                          ;
;     -- normal mode                          ; 3834                                     ;
;     -- arithmetic mode                      ; 2012                                     ;
;                                             ;                                          ;
; Total registers                             ; 120                                      ;
;     -- Dedicated logic registers            ; 120                                      ;
;     -- I/O registers                        ; 0                                        ;
;                                             ;                                          ;
; I/O pins                                    ; 45                                       ;
; Embedded Multiplier 9-bit elements          ; 0                                        ;
; Maximum fan-out node                        ; blackjack:blackjack_inst|dealerValue[31] ;
; Maximum fan-out                             ; 225                                      ;
; Total fan-out                               ; 17547                                    ;
; Average fan-out                             ; 2.92                                     ;
+---------------------------------------------+------------------------------------------+


+-------------------------------------------------------------------------------------------------------------------------------------------------------------------------------------------------------------------------------------------------------------------------------------------------------------+
; Analysis & Synthesis Resource Utilization by Entity                                                                                                                                                                                                                                                         ;
+-------------------------------------------+-------------------+--------------+-------------+--------------+---------+-----------+------+--------------+--------------------------------------------------------------------------------------------------------------------------------------+--------------+
; Compilation Hierarchy Node                ; LC Combinationals ; LC Registers ; Memory Bits ; DSP Elements ; DSP 9x9 ; DSP 18x18 ; Pins ; Virtual Pins ; Full Hierarchy Name                                                                                                                  ; Library Name ;
+-------------------------------------------+-------------------+--------------+-------------+--------------+---------+-----------+------+--------------+--------------------------------------------------------------------------------------------------------------------------------------+--------------+
; |top_blackjack                            ; 5846 (0)          ; 120 (0)      ; 0           ; 0            ; 0       ; 0         ; 45   ; 0            ; |top_blackjack                                                                                                                       ;              ;
;    |blackjack:blackjack_inst|             ; 5445 (1124)       ; 93 (93)      ; 0           ; 0            ; 0       ; 0         ; 0    ; 0            ; |top_blackjack|blackjack:blackjack_inst                                                                                              ;              ;
;       |lpm_divide:Div0|                   ; 485 (0)           ; 0 (0)        ; 0           ; 0            ; 0       ; 0         ; 0    ; 0            ; |top_blackjack|blackjack:blackjack_inst|lpm_divide:Div0                                                                              ;              ;
;          |lpm_divide_7so:auto_generated|  ; 485 (0)           ; 0 (0)        ; 0           ; 0            ; 0       ; 0         ; 0    ; 0            ; |top_blackjack|blackjack:blackjack_inst|lpm_divide:Div0|lpm_divide_7so:auto_generated                                                ;              ;
;             |abs_divider_kbg:divider|     ; 485 (36)          ; 0 (0)        ; 0           ; 0            ; 0       ; 0         ; 0    ; 0            ; |top_blackjack|blackjack:blackjack_inst|lpm_divide:Div0|lpm_divide_7so:auto_generated|abs_divider_kbg:divider                        ;              ;
;                |alt_u_div_k2f:divider|    ; 449 (449)         ; 0 (0)        ; 0           ; 0            ; 0       ; 0         ; 0    ; 0            ; |top_blackjack|blackjack:blackjack_inst|lpm_divide:Div0|lpm_divide_7so:auto_generated|abs_divider_kbg:divider|alt_u_div_k2f:divider  ;              ;
;       |lpm_divide:Div1|                   ; 484 (0)           ; 0 (0)        ; 0           ; 0            ; 0       ; 0         ; 0    ; 0            ; |top_blackjack|blackjack:blackjack_inst|lpm_divide:Div1                                                                              ;              ;
;          |lpm_divide_7so:auto_generated|  ; 484 (0)           ; 0 (0)        ; 0           ; 0            ; 0       ; 0         ; 0    ; 0            ; |top_blackjack|blackjack:blackjack_inst|lpm_divide:Div1|lpm_divide_7so:auto_generated                                                ;              ;
;             |abs_divider_kbg:divider|     ; 484 (35)          ; 0 (0)        ; 0           ; 0            ; 0       ; 0         ; 0    ; 0            ; |top_blackjack|blackjack:blackjack_inst|lpm_divide:Div1|lpm_divide_7so:auto_generated|abs_divider_kbg:divider                        ;              ;
;                |alt_u_div_k2f:divider|    ; 449 (449)         ; 0 (0)        ; 0           ; 0            ; 0       ; 0         ; 0    ; 0            ; |top_blackjack|blackjack:blackjack_inst|lpm_divide:Div1|lpm_divide_7so:auto_generated|abs_divider_kbg:divider|alt_u_div_k2f:divider  ;              ;
;       |lpm_divide:Mod0|                   ; 1674 (0)          ; 0 (0)        ; 0           ; 0            ; 0       ; 0         ; 0    ; 0            ; |top_blackjack|blackjack:blackjack_inst|lpm_divide:Mod0                                                                              ;              ;
;          |lpm_divide_qlo:auto_generated|  ; 1674 (0)          ; 0 (0)        ; 0           ; 0            ; 0       ; 0         ; 0    ; 0            ; |top_blackjack|blackjack:blackjack_inst|lpm_divide:Mod0|lpm_divide_qlo:auto_generated                                                ;              ;
;             |abs_divider_4dg:divider|     ; 1674 (64)         ; 0 (0)        ; 0           ; 0            ; 0       ; 0         ; 0    ; 0            ; |top_blackjack|blackjack:blackjack_inst|lpm_divide:Mod0|lpm_divide_qlo:auto_generated|abs_divider_4dg:divider                        ;              ;
;                |alt_u_div_k5f:divider|    ; 1566 (1566)       ; 0 (0)        ; 0           ; 0            ; 0       ; 0         ; 0    ; 0            ; |top_blackjack|blackjack:blackjack_inst|lpm_divide:Mod0|lpm_divide_qlo:auto_generated|abs_divider_4dg:divider|alt_u_div_k5f:divider  ;              ;
;                |lpm_abs_0s9:my_abs_num|   ; 44 (44)           ; 0 (0)        ; 0           ; 0            ; 0       ; 0         ; 0    ; 0            ; |top_blackjack|blackjack:blackjack_inst|lpm_divide:Mod0|lpm_divide_qlo:auto_generated|abs_divider_4dg:divider|lpm_abs_0s9:my_abs_num ;              ;
;       |lpm_divide:Mod1|                   ; 1678 (0)          ; 0 (0)        ; 0           ; 0            ; 0       ; 0         ; 0    ; 0            ; |top_blackjack|blackjack:blackjack_inst|lpm_divide:Mod1                                                                              ;              ;
;          |lpm_divide_qlo:auto_generated|  ; 1678 (0)          ; 0 (0)        ; 0           ; 0            ; 0       ; 0         ; 0    ; 0            ; |top_blackjack|blackjack:blackjack_inst|lpm_divide:Mod1|lpm_divide_qlo:auto_generated                                                ;              ;
;             |abs_divider_4dg:divider|     ; 1678 (64)         ; 0 (0)        ; 0           ; 0            ; 0       ; 0         ; 0    ; 0            ; |top_blackjack|blackjack:blackjack_inst|lpm_divide:Mod1|lpm_divide_qlo:auto_generated|abs_divider_4dg:divider                        ;              ;
;                |alt_u_div_k5f:divider|    ; 1566 (1566)       ; 0 (0)        ; 0           ; 0            ; 0       ; 0         ; 0    ; 0            ; |top_blackjack|blackjack:blackjack_inst|lpm_divide:Mod1|lpm_divide_qlo:auto_generated|abs_divider_4dg:divider|alt_u_div_k5f:divider  ;              ;
;                |lpm_abs_0s9:my_abs_num|   ; 48 (48)           ; 0 (0)        ; 0           ; 0            ; 0       ; 0         ; 0    ; 0            ; |top_blackjack|blackjack:blackjack_inst|lpm_divide:Mod1|lpm_divide_qlo:auto_generated|abs_divider_4dg:divider|lpm_abs_0s9:my_abs_num ;              ;
;    |cards:cards_inst|                     ; 401 (26)          ; 27 (27)      ; 0           ; 0            ; 0       ; 0         ; 0    ; 0            ; |top_blackjack|cards:cards_inst                                                                                                      ;              ;
;       |lpm_divide:Mod0|                   ; 375 (0)           ; 0 (0)        ; 0           ; 0            ; 0       ; 0         ; 0    ; 0            ; |top_blackjack|cards:cards_inst|lpm_divide:Mod0                                                                                      ;              ;
;          |lpm_divide_68m:auto_generated|  ; 375 (0)           ; 0 (0)        ; 0           ; 0            ; 0       ; 0         ; 0    ; 0            ; |top_blackjack|cards:cards_inst|lpm_divide:Mod0|lpm_divide_68m:auto_generated                                                        ;              ;
;             |sign_div_unsign_dnh:divider| ; 375 (0)           ; 0 (0)        ; 0           ; 0            ; 0       ; 0         ; 0    ; 0            ; |top_blackjack|cards:cards_inst|lpm_divide:Mod0|lpm_divide_68m:auto_generated|sign_div_unsign_dnh:divider                            ;              ;
;                |alt_u_div_s5f:divider|    ; 375 (375)         ; 0 (0)        ; 0           ; 0            ; 0       ; 0         ; 0    ; 0            ; |top_blackjack|cards:cards_inst|lpm_divide:Mod0|lpm_divide_68m:auto_generated|sign_div_unsign_dnh:divider|alt_u_div_s5f:divider      ;              ;
+-------------------------------------------+-------------------+--------------+-------------+--------------+---------+-----------+------+--------------+--------------------------------------------------------------------------------------------------------------------------------------+--------------+
Note: For table entries with two numbers listed, the numbers in parentheses indicate the number of resources of the given type used by the specific entity alone. The numbers listed outside of parentheses indicate the total resources of the given type used by the specific entity and all of its sub-entities in the hierarchy.


Encoding Type:  One-Hot
+------------------------------------------------------------------------------------------------------------------------------------------------------------------------------------------------------------------------------------------------------------------------------------------------------------------------------------------------------------------------------------------------------------------------------------------------------------------------------------------------------------------------------------------------------------------------------------------------------------------------------------------------------------------------------------------------------------------------------------------------------------------------------------------------+
; State Machine - |top_blackjack|blackjack:blackjack_inst|current_state                                                                                                                                                                                                                                                                                                                                                                                                                                                                                                                                                                                                                                                                                                                          ;
+----------------------------------+-------------------------------+-------------------------------+---------------------------------+---------------------------------+----------------------------------+----------------------------------+----------------------------+-------------------------+-------------------------+--------------------------+------------------------------+---------------------------+--------------------------+--------------------------+------------------------------+---------------------------+---------------------------------+----------------------------+---------------------------------+----------------------------+---------------------------------+----------------------------+---------------------------------+----------------------------+
; Name                             ; current_state.dummy_dealerHit ; current_state.dummy_playerHit ; current_state.dummyDealer_card2 ; current_state.dummyDealer_card1 ; current_state.dummy_Player_card2 ; current_state.dummy_Player_card1 ; current_state.decideWinner ; current_state.playerTie ; current_state.playerWin ; current_state.dealerStay ; current_state.dealerHit_soma ; current_state.dealer_turn ; current_state.playerLose ; current_state.playerStay ; current_state.playerHit_soma ; current_state.player_turn ; current_state.Dealer_card2_soma ; current_state.Dealer_card2 ; current_state.Dealer_card1_soma ; current_state.Dealer_card1 ; current_state.Player_card2_soma ; current_state.Player_card2 ; current_state.Player_card1_soma ; current_state.Player_card1 ;
+----------------------------------+-------------------------------+-------------------------------+---------------------------------+---------------------------------+----------------------------------+----------------------------------+----------------------------+-------------------------+-------------------------+--------------------------+------------------------------+---------------------------+--------------------------+--------------------------+------------------------------+---------------------------+---------------------------------+----------------------------+---------------------------------+----------------------------+---------------------------------+----------------------------+---------------------------------+----------------------------+
; current_state.Player_card1       ; 0                             ; 0                             ; 0                               ; 0                               ; 0                                ; 0                                ; 0                          ; 0                       ; 0                       ; 0                        ; 0                            ; 0                         ; 0                        ; 0                        ; 0                            ; 0                         ; 0                               ; 0                          ; 0                               ; 0                          ; 0                               ; 0                          ; 0                               ; 0                          ;
; current_state.Player_card1_soma  ; 0                             ; 0                             ; 0                               ; 0                               ; 0                                ; 0                                ; 0                          ; 0                       ; 0                       ; 0                        ; 0                            ; 0                         ; 0                        ; 0                        ; 0                            ; 0                         ; 0                               ; 0                          ; 0                               ; 0                          ; 0                               ; 0                          ; 1                               ; 1                          ;
; current_state.Player_card2       ; 0                             ; 0                             ; 0                               ; 0                               ; 0                                ; 0                                ; 0                          ; 0                       ; 0                       ; 0                        ; 0                            ; 0                         ; 0                        ; 0                        ; 0                            ; 0                         ; 0                               ; 0                          ; 0                               ; 0                          ; 0                               ; 1                          ; 0                               ; 1                          ;
; current_state.Player_card2_soma  ; 0                             ; 0                             ; 0                               ; 0                               ; 0                                ; 0                                ; 0                          ; 0                       ; 0                       ; 0                        ; 0                            ; 0                         ; 0                        ; 0                        ; 0                            ; 0                         ; 0                               ; 0                          ; 0                               ; 0                          ; 1                               ; 0                          ; 0                               ; 1                          ;
; current_state.Dealer_card1       ; 0                             ; 0                             ; 0                               ; 0                               ; 0                                ; 0                                ; 0                          ; 0                       ; 0                       ; 0                        ; 0                            ; 0                         ; 0                        ; 0                        ; 0                            ; 0                         ; 0                               ; 0                          ; 0                               ; 1                          ; 0                               ; 0                          ; 0                               ; 1                          ;
; current_state.Dealer_card1_soma  ; 0                             ; 0                             ; 0                               ; 0                               ; 0                                ; 0                                ; 0                          ; 0                       ; 0                       ; 0                        ; 0                            ; 0                         ; 0                        ; 0                        ; 0                            ; 0                         ; 0                               ; 0                          ; 1                               ; 0                          ; 0                               ; 0                          ; 0                               ; 1                          ;
; current_state.Dealer_card2       ; 0                             ; 0                             ; 0                               ; 0                               ; 0                                ; 0                                ; 0                          ; 0                       ; 0                       ; 0                        ; 0                            ; 0                         ; 0                        ; 0                        ; 0                            ; 0                         ; 0                               ; 1                          ; 0                               ; 0                          ; 0                               ; 0                          ; 0                               ; 1                          ;
; current_state.Dealer_card2_soma  ; 0                             ; 0                             ; 0                               ; 0                               ; 0                                ; 0                                ; 0                          ; 0                       ; 0                       ; 0                        ; 0                            ; 0                         ; 0                        ; 0                        ; 0                            ; 0                         ; 1                               ; 0                          ; 0                               ; 0                          ; 0                               ; 0                          ; 0                               ; 1                          ;
; current_state.player_turn        ; 0                             ; 0                             ; 0                               ; 0                               ; 0                                ; 0                                ; 0                          ; 0                       ; 0                       ; 0                        ; 0                            ; 0                         ; 0                        ; 0                        ; 0                            ; 1                         ; 0                               ; 0                          ; 0                               ; 0                          ; 0                               ; 0                          ; 0                               ; 1                          ;
; current_state.playerHit_soma     ; 0                             ; 0                             ; 0                               ; 0                               ; 0                                ; 0                                ; 0                          ; 0                       ; 0                       ; 0                        ; 0                            ; 0                         ; 0                        ; 0                        ; 1                            ; 0                         ; 0                               ; 0                          ; 0                               ; 0                          ; 0                               ; 0                          ; 0                               ; 1                          ;
; current_state.playerStay         ; 0                             ; 0                             ; 0                               ; 0                               ; 0                                ; 0                                ; 0                          ; 0                       ; 0                       ; 0                        ; 0                            ; 0                         ; 0                        ; 1                        ; 0                            ; 0                         ; 0                               ; 0                          ; 0                               ; 0                          ; 0                               ; 0                          ; 0                               ; 1                          ;
; current_state.playerLose         ; 0                             ; 0                             ; 0                               ; 0                               ; 0                                ; 0                                ; 0                          ; 0                       ; 0                       ; 0                        ; 0                            ; 0                         ; 1                        ; 0                        ; 0                            ; 0                         ; 0                               ; 0                          ; 0                               ; 0                          ; 0                               ; 0                          ; 0                               ; 1                          ;
; current_state.dealer_turn        ; 0                             ; 0                             ; 0                               ; 0                               ; 0                                ; 0                                ; 0                          ; 0                       ; 0                       ; 0                        ; 0                            ; 1                         ; 0                        ; 0                        ; 0                            ; 0                         ; 0                               ; 0                          ; 0                               ; 0                          ; 0                               ; 0                          ; 0                               ; 1                          ;
; current_state.dealerHit_soma     ; 0                             ; 0                             ; 0                               ; 0                               ; 0                                ; 0                                ; 0                          ; 0                       ; 0                       ; 0                        ; 1                            ; 0                         ; 0                        ; 0                        ; 0                            ; 0                         ; 0                               ; 0                          ; 0                               ; 0                          ; 0                               ; 0                          ; 0                               ; 1                          ;
; current_state.dealerStay         ; 0                             ; 0                             ; 0                               ; 0                               ; 0                                ; 0                                ; 0                          ; 0                       ; 0                       ; 1                        ; 0                            ; 0                         ; 0                        ; 0                        ; 0                            ; 0                         ; 0                               ; 0                          ; 0                               ; 0                          ; 0                               ; 0                          ; 0                               ; 1                          ;
; current_state.playerWin          ; 0                             ; 0                             ; 0                               ; 0                               ; 0                                ; 0                                ; 0                          ; 0                       ; 1                       ; 0                        ; 0                            ; 0                         ; 0                        ; 0                        ; 0                            ; 0                         ; 0                               ; 0                          ; 0                               ; 0                          ; 0                               ; 0                          ; 0                               ; 1                          ;
; current_state.playerTie          ; 0                             ; 0                             ; 0                               ; 0                               ; 0                                ; 0                                ; 0                          ; 1                       ; 0                       ; 0                        ; 0                            ; 0                         ; 0                        ; 0                        ; 0                            ; 0                         ; 0                               ; 0                          ; 0                               ; 0                          ; 0                               ; 0                          ; 0                               ; 1                          ;
; current_state.decideWinner       ; 0                             ; 0                             ; 0                               ; 0                               ; 0                                ; 0                                ; 1                          ; 0                       ; 0                       ; 0                        ; 0                            ; 0                         ; 0                        ; 0                        ; 0                            ; 0                         ; 0                               ; 0                          ; 0                               ; 0                          ; 0                               ; 0                          ; 0                               ; 1                          ;
; current_state.dummy_Player_card1 ; 0                             ; 0                             ; 0                               ; 0                               ; 0                                ; 1                                ; 0                          ; 0                       ; 0                       ; 0                        ; 0                            ; 0                         ; 0                        ; 0                        ; 0                            ; 0                         ; 0                               ; 0                          ; 0                               ; 0                          ; 0                               ; 0                          ; 0                               ; 1                          ;
; current_state.dummy_Player_card2 ; 0                             ; 0                             ; 0                               ; 0                               ; 1                                ; 0                                ; 0                          ; 0                       ; 0                       ; 0                        ; 0                            ; 0                         ; 0                        ; 0                        ; 0                            ; 0                         ; 0                               ; 0                          ; 0                               ; 0                          ; 0                               ; 0                          ; 0                               ; 1                          ;
; current_state.dummyDealer_card1  ; 0                             ; 0                             ; 0                               ; 1                               ; 0                                ; 0                                ; 0                          ; 0                       ; 0                       ; 0                        ; 0                            ; 0                         ; 0                        ; 0                        ; 0                            ; 0                         ; 0                               ; 0                          ; 0                               ; 0                          ; 0                               ; 0                          ; 0                               ; 1                          ;
; current_state.dummyDealer_card2  ; 0                             ; 0                             ; 1                               ; 0                               ; 0                                ; 0                                ; 0                          ; 0                       ; 0                       ; 0                        ; 0                            ; 0                         ; 0                        ; 0                        ; 0                            ; 0                         ; 0                               ; 0                          ; 0                               ; 0                          ; 0                               ; 0                          ; 0                               ; 1                          ;
; current_state.dummy_playerHit    ; 0                             ; 1                             ; 0                               ; 0                               ; 0                                ; 0                                ; 0                          ; 0                       ; 0                       ; 0                        ; 0                            ; 0                         ; 0                        ; 0                        ; 0                            ; 0                         ; 0                               ; 0                          ; 0                               ; 0                          ; 0                               ; 0                          ; 0                               ; 1                          ;
; current_state.dummy_dealerHit    ; 1                             ; 0                             ; 0                               ; 0                               ; 0                                ; 0                                ; 0                          ; 0                       ; 0                       ; 0                        ; 0                            ; 0                         ; 0                        ; 0                        ; 0                            ; 0                         ; 0                               ; 0                          ; 0                               ; 0                          ; 0                               ; 0                          ; 0                               ; 1                          ;
+----------------------------------+-------------------------------+-------------------------------+---------------------------------+---------------------------------+----------------------------------+----------------------------------+----------------------------+-------------------------+-------------------------+--------------------------+------------------------------+---------------------------+--------------------------+--------------------------+------------------------------+---------------------------+---------------------------------+----------------------------+---------------------------------+----------------------------+---------------------------------+----------------------------+---------------------------------+----------------------------+


Encoding Type:  One-Hot
+-------------------------------------------------------------------------------------------------------+
; State Machine - |top_blackjack|cards:cards_inst|current_state                                         ;
+----------------------------+------------------------+----------------------------+--------------------+
; Name                       ; current_state.readCard ; current_state.generateCard ; current_state.idle ;
+----------------------------+------------------------+----------------------------+--------------------+
; current_state.idle         ; 0                      ; 0                          ; 0                  ;
; current_state.generateCard ; 0                      ; 1                          ; 1                  ;
; current_state.readCard     ; 1                      ; 0                          ; 1                  ;
+----------------------------+------------------------+----------------------------+--------------------+


+---------------------------------------------------------------------------------------------------------------------------+
; User-Specified and Inferred Latches                                                                                       ;
+----------------------------------------------------+---------------------------------------------+------------------------+
; Latch Name                                         ; Latch Enable Signal                         ; Free of Timing Hazards ;
+----------------------------------------------------+---------------------------------------------+------------------------+
; cards:cards_inst|cardFinal[2]                      ; cards:cards_inst|current_state.generateCard ; yes                    ;
; cards:cards_inst|cardFinal[1]                      ; cards:cards_inst|current_state.generateCard ; yes                    ;
; cards:cards_inst|cardFinal[0]                      ; cards:cards_inst|current_state.generateCard ; yes                    ;
; cards:cards_inst|cardFinal[3]                      ; cards:cards_inst|current_state.generateCard ; yes                    ;
; Number of user-specified and inferred latches = 4  ;                                             ;                        ;
+----------------------------------------------------+---------------------------------------------+------------------------+
Note: All latches listed above may not be present at the end of synthesis due to various synthesis optimizations.


+------------------------------------------------------+
; General Register Statistics                          ;
+----------------------------------------------+-------+
; Statistic                                    ; Value ;
+----------------------------------------------+-------+
; Total registers                              ; 120   ;
; Number of registers using Synchronous Clear  ; 0     ;
; Number of registers using Synchronous Load   ; 0     ;
; Number of registers using Asynchronous Clear ; 112   ;
; Number of registers using Asynchronous Load  ; 0     ;
; Number of registers using Clock Enable       ; 90    ;
; Number of registers using Preset             ; 0     ;
+----------------------------------------------+-------+


+---------------------------------------------------+
; Inverted Register Statistics                      ;
+-----------------------------------------+---------+
; Inverted Register                       ; Fan out ;
+-----------------------------------------+---------+
; cards:cards_inst|rnd_int[0]             ; 1       ;
; cards:cards_inst|lfsr[15]               ; 4       ;
; cards:cards_inst|lfsr[14]               ; 4       ;
; cards:cards_inst|lfsr[13]               ; 5       ;
; cards:cards_inst|lfsr[11]               ; 4       ;
; cards:cards_inst|lfsr[10]               ; 5       ;
; cards:cards_inst|lfsr[7]                ; 4       ;
; cards:cards_inst|lfsr[5]                ; 4       ;
; cards:cards_inst|lfsr[3]                ; 4       ;
; cards:cards_inst|lfsr[2]                ; 4       ;
; cards:cards_inst|lfsr[1]                ; 3       ;
; Total number of inverted registers = 11 ;         ;
+-----------------------------------------+---------+


+-----------------------------------------------------------------------------------------------------------------------------------------------------------------------+
; Multiplexer Restructuring Statistics (Restructuring Performed)                                                                                                        ;
+--------------------+-----------+---------------+----------------------+------------------------+------------+---------------------------------------------------------+
; Multiplexer Inputs ; Bus Width ; Baseline Area ; Area if Restructured ; Saving if Restructured ; Registered ; Example Multiplexer Output                              ;
+--------------------+-----------+---------------+----------------------+------------------------+------------+---------------------------------------------------------+
; 4:1                ; 4 bits    ; 8 LEs         ; 4 LEs                ; 4 LEs                  ; Yes        ; |top_blackjack|blackjack:blackjack_inst|cardValue[3]    ;
; 16:1               ; 31 bits   ; 310 LEs       ; 124 LEs              ; 186 LEs                ; Yes        ; |top_blackjack|blackjack:blackjack_inst|playerValue[18] ;
; 16:1               ; 31 bits   ; 310 LEs       ; 124 LEs              ; 186 LEs                ; Yes        ; |top_blackjack|blackjack:blackjack_inst|dealerValue[30] ;
; 3:1                ; 6 bits    ; 12 LEs        ; 6 LEs                ; 6 LEs                  ; No         ; |top_blackjack|blackjack:blackjack_inst|hexCard         ;
; 3:1                ; 6 bits    ; 12 LEs        ; 6 LEs                ; 6 LEs                  ; No         ; |top_blackjack|blackjack:blackjack_inst|hexCard         ;
; 10:1               ; 14 bits   ; 84 LEs        ; 28 LEs               ; 56 LEs                 ; No         ; |top_blackjack|blackjack:blackjack_inst|Selector86      ;
+--------------------+-----------+---------------+----------------------+------------------------+------------+---------------------------------------------------------+


+-------------------------------------------------------------------------------------------+
; Parameter Settings for Inferred Entity Instance: blackjack:blackjack_inst|lpm_divide:Div1 ;
+------------------------+----------------+-------------------------------------------------+
; Parameter Name         ; Value          ; Type                                            ;
+------------------------+----------------+-------------------------------------------------+
; LPM_WIDTHN             ; 32             ; Untyped                                         ;
; LPM_WIDTHD             ; 5              ; Untyped                                         ;
; LPM_NREPRESENTATION    ; SIGNED         ; Untyped                                         ;
; LPM_DREPRESENTATION    ; SIGNED         ; Untyped                                         ;
; LPM_PIPELINE           ; 0              ; Untyped                                         ;
; LPM_REMAINDERPOSITIVE  ; FALSE          ; Untyped                                         ;
; MAXIMIZE_SPEED         ; 5              ; Untyped                                         ;
; CBXI_PARAMETER         ; lpm_divide_7so ; Untyped                                         ;
; CARRY_CHAIN            ; MANUAL         ; Untyped                                         ;
; OPTIMIZE_FOR_SPEED     ; 5              ; Untyped                                         ;
; AUTO_CARRY_CHAINS      ; ON             ; AUTO_CARRY                                      ;
; IGNORE_CARRY_BUFFERS   ; OFF            ; IGNORE_CARRY                                    ;
; AUTO_CASCADE_CHAINS    ; ON             ; AUTO_CASCADE                                    ;
; IGNORE_CASCADE_BUFFERS ; OFF            ; IGNORE_CASCADE                                  ;
+------------------------+----------------+-------------------------------------------------+
Note: In order to hide this table in the UI and the text report file, please set the "Show Parameter Settings in Synthesis Report" option in "Analysis and Synthesis Settings -> More Settings" to "Off".


+-------------------------------------------------------------------------------------------+
; Parameter Settings for Inferred Entity Instance: blackjack:blackjack_inst|lpm_divide:Div0 ;
+------------------------+----------------+-------------------------------------------------+
; Parameter Name         ; Value          ; Type                                            ;
+------------------------+----------------+-------------------------------------------------+
; LPM_WIDTHN             ; 32             ; Untyped                                         ;
; LPM_WIDTHD             ; 5              ; Untyped                                         ;
; LPM_NREPRESENTATION    ; SIGNED         ; Untyped                                         ;
; LPM_DREPRESENTATION    ; SIGNED         ; Untyped                                         ;
; LPM_PIPELINE           ; 0              ; Untyped                                         ;
; LPM_REMAINDERPOSITIVE  ; FALSE          ; Untyped                                         ;
; MAXIMIZE_SPEED         ; 5              ; Untyped                                         ;
; CBXI_PARAMETER         ; lpm_divide_7so ; Untyped                                         ;
; CARRY_CHAIN            ; MANUAL         ; Untyped                                         ;
; OPTIMIZE_FOR_SPEED     ; 5              ; Untyped                                         ;
; AUTO_CARRY_CHAINS      ; ON             ; AUTO_CARRY                                      ;
; IGNORE_CARRY_BUFFERS   ; OFF            ; IGNORE_CARRY                                    ;
; AUTO_CASCADE_CHAINS    ; ON             ; AUTO_CASCADE                                    ;
; IGNORE_CASCADE_BUFFERS ; OFF            ; IGNORE_CASCADE                                  ;
+------------------------+----------------+-------------------------------------------------+
Note: In order to hide this table in the UI and the text report file, please set the "Show Parameter Settings in Synthesis Report" option in "Analysis and Synthesis Settings -> More Settings" to "Off".


+-------------------------------------------------------------------------------------------+
; Parameter Settings for Inferred Entity Instance: blackjack:blackjack_inst|lpm_divide:Mod1 ;
+------------------------+----------------+-------------------------------------------------+
; Parameter Name         ; Value          ; Type                                            ;
+------------------------+----------------+-------------------------------------------------+
; LPM_WIDTHN             ; 32             ; Untyped                                         ;
; LPM_WIDTHD             ; 32             ; Untyped                                         ;
; LPM_NREPRESENTATION    ; SIGNED         ; Untyped                                         ;
; LPM_DREPRESENTATION    ; SIGNED         ; Untyped                                         ;
; LPM_PIPELINE           ; 0              ; Untyped                                         ;
; LPM_REMAINDERPOSITIVE  ; FALSE          ; Untyped                                         ;
; MAXIMIZE_SPEED         ; 5              ; Untyped                                         ;
; CBXI_PARAMETER         ; lpm_divide_qlo ; Untyped                                         ;
; CARRY_CHAIN            ; MANUAL         ; Untyped                                         ;
; OPTIMIZE_FOR_SPEED     ; 5              ; Untyped                                         ;
; AUTO_CARRY_CHAINS      ; ON             ; AUTO_CARRY                                      ;
; IGNORE_CARRY_BUFFERS   ; OFF            ; IGNORE_CARRY                                    ;
; AUTO_CASCADE_CHAINS    ; ON             ; AUTO_CASCADE                                    ;
; IGNORE_CASCADE_BUFFERS ; OFF            ; IGNORE_CASCADE                                  ;
+------------------------+----------------+-------------------------------------------------+
Note: In order to hide this table in the UI and the text report file, please set the "Show Parameter Settings in Synthesis Report" option in "Analysis and Synthesis Settings -> More Settings" to "Off".


+-------------------------------------------------------------------------------------------+
; Parameter Settings for Inferred Entity Instance: blackjack:blackjack_inst|lpm_divide:Mod0 ;
+------------------------+----------------+-------------------------------------------------+
; Parameter Name         ; Value          ; Type                                            ;
+------------------------+----------------+-------------------------------------------------+
; LPM_WIDTHN             ; 32             ; Untyped                                         ;
; LPM_WIDTHD             ; 32             ; Untyped                                         ;
; LPM_NREPRESENTATION    ; SIGNED         ; Untyped                                         ;
; LPM_DREPRESENTATION    ; SIGNED         ; Untyped                                         ;
; LPM_PIPELINE           ; 0              ; Untyped                                         ;
; LPM_REMAINDERPOSITIVE  ; FALSE          ; Untyped                                         ;
; MAXIMIZE_SPEED         ; 5              ; Untyped                                         ;
; CBXI_PARAMETER         ; lpm_divide_qlo ; Untyped                                         ;
; CARRY_CHAIN            ; MANUAL         ; Untyped                                         ;
; OPTIMIZE_FOR_SPEED     ; 5              ; Untyped                                         ;
; AUTO_CARRY_CHAINS      ; ON             ; AUTO_CARRY                                      ;
; IGNORE_CARRY_BUFFERS   ; OFF            ; IGNORE_CARRY                                    ;
; AUTO_CASCADE_CHAINS    ; ON             ; AUTO_CASCADE                                    ;
; IGNORE_CASCADE_BUFFERS ; OFF            ; IGNORE_CASCADE                                  ;
+------------------------+----------------+-------------------------------------------------+
Note: In order to hide this table in the UI and the text report file, please set the "Show Parameter Settings in Synthesis Report" option in "Analysis and Synthesis Settings -> More Settings" to "Off".


+-----------------------------------------------------------------------------------+
; Parameter Settings for Inferred Entity Instance: cards:cards_inst|lpm_divide:Mod0 ;
+------------------------+----------------+-----------------------------------------+
; Parameter Name         ; Value          ; Type                                    ;
+------------------------+----------------+-----------------------------------------+
; LPM_WIDTHN             ; 16             ; Untyped                                 ;
; LPM_WIDTHD             ; 16             ; Untyped                                 ;
; LPM_NREPRESENTATION    ; UNSIGNED       ; Untyped                                 ;
; LPM_DREPRESENTATION    ; UNSIGNED       ; Untyped                                 ;
; LPM_PIPELINE           ; 0              ; Untyped                                 ;
; LPM_REMAINDERPOSITIVE  ; TRUE           ; Untyped                                 ;
; MAXIMIZE_SPEED         ; 5              ; Untyped                                 ;
; CBXI_PARAMETER         ; lpm_divide_68m ; Untyped                                 ;
; CARRY_CHAIN            ; MANUAL         ; Untyped                                 ;
; OPTIMIZE_FOR_SPEED     ; 5              ; Untyped                                 ;
; AUTO_CARRY_CHAINS      ; ON             ; AUTO_CARRY                              ;
; IGNORE_CARRY_BUFFERS   ; OFF            ; IGNORE_CARRY                            ;
; AUTO_CASCADE_CHAINS    ; ON             ; AUTO_CASCADE                            ;
; IGNORE_CASCADE_BUFFERS ; OFF            ; IGNORE_CASCADE                          ;
+------------------------+----------------+-----------------------------------------+
Note: In order to hide this table in the UI and the text report file, please set the "Show Parameter Settings in Synthesis Report" option in "Analysis and Synthesis Settings -> More Settings" to "Off".


+-------------------------------+
; Elapsed Time Per Partition    ;
+----------------+--------------+
; Partition Name ; Elapsed Time ;
+----------------+--------------+
; Top            ; 00:00:06     ;
+----------------+--------------+


+-------------------------------+
; Analysis & Synthesis Messages ;
+-------------------------------+
Info: *******************************************************************
Info: Running Quartus II 64-Bit Analysis & Synthesis
    Info: Version 13.0.0 Build 156 04/24/2013 SJ Web Edition
    Info: Processing started: Fri Jun 27 18:10:14 2025
Info: Command: quartus_map --read_settings_files=on --write_settings_files=off blackjack -c top_blackjack
Warning (20028): Parallel compilation is not licensed and has been disabled
Info (12021): Found 2 design units, including 1 entities, in source file top_blackjack.vhd
    Info (12022): Found design unit 1: top_blackjack-Behavioral
    Info (12023): Found entity 1: top_blackjack
Info (12021): Found 2 design units, including 1 entities, in source file cards.vhd
    Info (12022): Found design unit 1: cards-Behavioral
    Info (12023): Found entity 1: cards
Info (12021): Found 2 design units, including 1 entities, in source file blackjack.vhd
    Info (12022): Found design unit 1: blackjack-Behavioral
    Info (12023): Found entity 1: blackjack
Info (12127): Elaborating entity "top_blackjack" for the top level hierarchy
Warning (10873): Using initial value X (don't care) for net "LEDR[9..3]" at top_blackjack.vhd(20)
Info (12128): Elaborating entity "cards" for hierarchy "cards:cards_inst"
Warning (10492): VHDL Process Statement warning at cards.vhd(62): signal "reqManual" is read inside the Process Statement but isn't in the Process Statement's sensitivity list
Warning (10492): VHDL Process Statement warning at cards.vhd(63): signal "random_number" is read inside the Process Statement but isn't in the Process Statement's sensitivity list
Warning (10492): VHDL Process Statement warning at cards.vhd(65): signal "cardManual" is read inside the Process Statement but isn't in the Process Statement's sensitivity list
Warning (10492): VHDL Process Statement warning at cards.vhd(66): signal "cardManual" is read inside the Process Statement but isn't in the Process Statement's sensitivity list
Warning (10492): VHDL Process Statement warning at cards.vhd(67): signal "cardManual" is read inside the Process Statement but isn't in the Process Statement's sensitivity list
Warning (10492): VHDL Process Statement warning at cards.vhd(68): signal "cardManual" is read inside the Process Statement but isn't in the Process Statement's sensitivity list
Warning (10631): VHDL Process Statement warning at cards.vhd(55): inferring latch(es) for signal or variable "cardFinal", which holds its previous value in one or more paths through the process
Info (10041): Inferred latch for "cardFinal[0]" at cards.vhd(55)
Info (10041): Inferred latch for "cardFinal[1]" at cards.vhd(55)
Info (10041): Inferred latch for "cardFinal[2]" at cards.vhd(55)
Info (10041): Inferred latch for "cardFinal[3]" at cards.vhd(55)
Info (12128): Elaborating entity "blackjack" for hierarchy "blackjack:blackjack_inst"
Warning (10492): VHDL Process Statement warning at blackjack.vhd(341): signal "cardValue" is read inside the Process Statement but isn't in the Process Statement's sensitivity list
Warning (10492): VHDL Process Statement warning at blackjack.vhd(342): signal "playerValue" is read inside the Process Statement but isn't in the Process Statement's sensitivity list
Warning (10492): VHDL Process Statement warning at blackjack.vhd(343): signal "playerValue" is read inside the Process Statement but isn't in the Process Statement's sensitivity list
Warning (10492): VHDL Process Statement warning at blackjack.vhd(345): signal "cardValue" is read inside the Process Statement but isn't in the Process Statement's sensitivity list
Warning (10492): VHDL Process Statement warning at blackjack.vhd(346): signal "dealerValue" is read inside the Process Statement but isn't in the Process Statement's sensitivity list
Warning (10492): VHDL Process Statement warning at blackjack.vhd(347): signal "dealerValue" is read inside the Process Statement but isn't in the Process Statement's sensitivity list
Warning (10492): VHDL Process Statement warning at blackjack.vhd(354): signal "playerValue" is read inside the Process Statement but isn't in the Process Statement's sensitivity list
Warning (10492): VHDL Process Statement warning at blackjack.vhd(355): signal "playerValue" is read inside the Process Statement but isn't in the Process Statement's sensitivity list
Warning (10492): VHDL Process Statement warning at blackjack.vhd(357): signal "dealerValue" is read inside the Process Statement but isn't in the Process Statement's sensitivity list
Warning (10492): VHDL Process Statement warning at blackjack.vhd(358): signal "dealerValue" is read inside the Process Statement but isn't in the Process Statement's sensitivity list
Warning (10492): VHDL Process Statement warning at blackjack.vhd(366): signal "cardValue" is read inside the Process Statement but isn't in the Process Statement's sensitivity list
Warning (10492): VHDL Process Statement warning at blackjack.vhd(367): signal "playerValue" is read inside the Process Statement but isn't in the Process Statement's sensitivity list
Warning (10492): VHDL Process Statement warning at blackjack.vhd(368): signal "playerValue" is read inside the Process Statement but isn't in the Process Statement's sensitivity list
Warning (10492): VHDL Process Statement warning at blackjack.vhd(371): signal "cardValue" is read inside the Process Statement but isn't in the Process Statement's sensitivity list
Warning (10492): VHDL Process Statement warning at blackjack.vhd(372): signal "dealerValue" is read inside the Process Statement but isn't in the Process Statement's sensitivity list
Warning (10492): VHDL Process Statement warning at blackjack.vhd(373): signal "dealerValue" is read inside the Process Statement but isn't in the Process Statement's sensitivity list
Info (278001): Inferred 5 megafunctions from design logic
    Info (278004): Inferred divider/modulo megafunction ("lpm_divide") from the following logic: "blackjack:blackjack_inst|Div1"
    Info (278004): Inferred divider/modulo megafunction ("lpm_divide") from the following logic: "blackjack:blackjack_inst|Div0"
    Info (278004): Inferred divider/modulo megafunction ("lpm_divide") from the following logic: "blackjack:blackjack_inst|Mod1"
    Info (278004): Inferred divider/modulo megafunction ("lpm_divide") from the following logic: "blackjack:blackjack_inst|Mod0"
    Info (278004): Inferred divider/modulo megafunction ("lpm_divide") from the following logic: "cards:cards_inst|Mod0"
Info (12130): Elaborated megafunction instantiation "blackjack:blackjack_inst|lpm_divide:Div1"
Info (12133): Instantiated megafunction "blackjack:blackjack_inst|lpm_divide:Div1" with the following parameter:
    Info (12134): Parameter "LPM_WIDTHN" = "32"
    Info (12134): Parameter "LPM_WIDTHD" = "5"
    Info (12134): Parameter "LPM_NREPRESENTATION" = "SIGNED"
    Info (12134): Parameter "LPM_DREPRESENTATION" = "SIGNED"
    Info (12134): Parameter "LPM_HINT" = "LPM_REMAINDERPOSITIVE=FALSE"
Info (12021): Found 1 design units, including 1 entities, in source file db/lpm_divide_7so.tdf
    Info (12023): Found entity 1: lpm_divide_7so
Info (12021): Found 1 design units, including 1 entities, in source file db/abs_divider_kbg.tdf
    Info (12023): Found entity 1: abs_divider_kbg
Info (12021): Found 1 design units, including 1 entities, in source file db/alt_u_div_k2f.tdf
    Info (12023): Found entity 1: alt_u_div_k2f
Info (12021): Found 1 design units, including 1 entities, in source file db/add_sub_lkc.tdf
    Info (12023): Found entity 1: add_sub_lkc
Info (12021): Found 1 design units, including 1 entities, in source file db/add_sub_mkc.tdf
    Info (12023): Found entity 1: add_sub_mkc
Info (12021): Found 1 design units, including 1 entities, in source file db/lpm_abs_gq9.tdf
    Info (12023): Found entity 1: lpm_abs_gq9
Info (12021): Found 1 design units, including 1 entities, in source file db/lpm_abs_0s9.tdf
    Info (12023): Found entity 1: lpm_abs_0s9
Info (12130): Elaborated megafunction instantiation "blackjack:blackjack_inst|lpm_divide:Mod1"
Info (12133): Instantiated megafunction "blackjack:blackjack_inst|lpm_divide:Mod1" with the following parameter:
    Info (12134): Parameter "LPM_WIDTHN" = "32"
    Info (12134): Parameter "LPM_WIDTHD" = "32"
    Info (12134): Parameter "LPM_NREPRESENTATION" = "SIGNED"
    Info (12134): Parameter "LPM_DREPRESENTATION" = "SIGNED"
    Info (12134): Parameter "LPM_HINT" = "LPM_REMAINDERPOSITIVE=FALSE"
Info (12021): Found 1 design units, including 1 entities, in source file db/lpm_divide_qlo.tdf
    Info (12023): Found entity 1: lpm_divide_qlo
Info (12021): Found 1 design units, including 1 entities, in source file db/abs_divider_4dg.tdf
    Info (12023): Found entity 1: abs_divider_4dg
Info (12021): Found 1 design units, including 1 entities, in source file db/alt_u_div_k5f.tdf
    Info (12023): Found entity 1: alt_u_div_k5f
Info (12130): Elaborated megafunction instantiation "cards:cards_inst|lpm_divide:Mod0"
Info (12133): Instantiated megafunction "cards:cards_inst|lpm_divide:Mod0" with the following parameter:
    Info (12134): Parameter "LPM_WIDTHN" = "16"
    Info (12134): Parameter "LPM_WIDTHD" = "16"
    Info (12134): Parameter "LPM_NREPRESENTATION" = "UNSIGNED"
    Info (12134): Parameter "LPM_DREPRESENTATION" = "UNSIGNED"
Info (12021): Found 1 design units, including 1 entities, in source file db/lpm_divide_68m.tdf
    Info (12023): Found entity 1: lpm_divide_68m
Info (12021): Found 1 design units, including 1 entities, in source file db/sign_div_unsign_dnh.tdf
    Info (12023): Found entity 1: sign_div_unsign_dnh
Info (12021): Found 1 design units, including 1 entities, in source file db/alt_u_div_s5f.tdf
    Info (12023): Found entity 1: alt_u_div_s5f
Info (13014): Ignored 124 buffer(s)
    Info (13016): Ignored 124 CARRY_SUM buffer(s)
Info (13000): Registers with preset signals will power-up high
Info (13003): DEV_CLRn pin will set, and not reset, register with preset signal due to NOT Gate Push-Back
Warning (13024): Output pins are stuck at VCC or GND
    Warning (13410): Pin "LEDR[3]" is stuck at GND
    Warning (13410): Pin "LEDR[4]" is stuck at GND
    Warning (13410): Pin "LEDR[5]" is stuck at GND
    Warning (13410): Pin "LEDR[6]" is stuck at GND
    Warning (13410): Pin "LEDR[7]" is stuck at GND
    Warning (13410): Pin "LEDR[8]" is stuck at GND
    Warning (13410): Pin "LEDR[9]" is stuck at GND
Critical Warning (18061): Ignored Power-Up Level option on the following registers
    Critical Warning (18010): Register cards:cards_inst|lfsr[14] will power up to High
    Critical Warning (18010): Register cards:cards_inst|lfsr[3] will power up to High
    Critical Warning (18010): Register cards:cards_inst|lfsr[2] will power up to High
    Critical Warning (18010): Register cards:cards_inst|lfsr[1] will power up to High
Info (16010): Generating hard_block partition "hard_block:auto_generated_inst"
    Info (16011): Adding 0 node(s), including 0 DDIO, 0 PLL, 0 transceiver and 0 LCELL
Warning (21074): Design contains 5 input pin(s) that do not drive logic
    Warning (15610): No output dependent on input pin "KEY[2]"
    Warning (15610): No output dependent on input pin "KEY[3]"
    Warning (15610): No output dependent on input pin "SW[2]"
    Warning (15610): No output dependent on input pin "SW[3]"
    Warning (15610): No output dependent on input pin "SW[4]"
Info (21057): Implemented 5907 device resources after synthesis - the final resource count might be different
    Info (21058): Implemented 14 input pins
    Info (21059): Implemented 31 output pins
    Info (21061): Implemented 5862 logic cells
Info: Quartus II 64-Bit Analysis & Synthesis was successful. 0 errors, 44 warnings
    Info: Peak virtual memory: 4699 megabytes
    Info: Processing ended: Fri Jun 27 18:10:23 2025
    Info: Elapsed time: 00:00:09
    Info: Total CPU time (on all processors): 00:00:09


